[16:04:30] [main/INFO]: Environment: authHost='https://authserver.mojang.com', accountsHost='https://api.mojang.com', sessionHost='https://sessionserver.mojang.com', servicesHost='https://api.minecraftservices.com', name='PROD'
[16:04:31] [main/WARN]: Ambiguity between arguments [teleport, destination] and [teleport, targets] with inputs: [Player, 0123, @e, dd12be42-52a9-4a91-a8a1-11c01849e498]
[16:04:31] [main/WARN]: Ambiguity between arguments [teleport, location] and [teleport, destination] with inputs: [0.1 -0.5 .9, 0 0 0]
[16:04:31] [main/WARN]: Ambiguity between arguments [teleport, location] and [teleport, targets] with inputs: [0.1 -0.5 .9, 0 0 0]
[16:04:31] [main/WARN]: Ambiguity between arguments [teleport, targets] and [teleport, destination] with inputs: [Player, 0123, dd12be42-52a9-4a91-a8a1-11c01849e498]
[16:04:31] [main/WARN]: Ambiguity between arguments [teleport, targets, location] and [teleport, targets, destination] with inputs: [0.1 -0.5 .9, 0 0 0]
[16:04:31] [main/INFO]: Reloading ResourceManager: Default
[16:04:32] [Worker-Main-14/INFO]: Loaded 7 recipes
[16:04:33] [Worker-Main-14/INFO]: Loaded 927 advancements
[16:04:35] [Server thread/INFO]: Starting minecraft server version 1.16.5
[16:04:35] [Server thread/WARN]: To start the server with more ram, launch it as "java -Xmx1024M -Xms1024M -jar minecraft_server.jar"
[16:04:35] [Server thread/INFO]: Loading properties
[16:04:35] [Server thread/INFO]: Default game type: SURVIVAL
[16:04:35] [Server thread/INFO]: Generating keypair
[16:04:35] [Server thread/INFO]: Starting Minecraft server on *:25565
[16:04:36] [Server thread/INFO]: Using default channel type
[16:04:38] [Server thread/WARN]: **** SERVER IS RUNNING IN OFFLINE/INSECURE MODE!
[16:04:38] [Server thread/WARN]: The server will make no attempt to authenticate usernames. Beware.
[16:04:38] [Server thread/WARN]: While this makes the game possible to play without internet access, it also opens up the ability for hackers to connect with any username they choose.
[16:04:38] [Server thread/WARN]: To change this, set "online-mode" to "true" in the server.properties file.
[16:04:38] [Server thread/INFO]: Preparing level "world"
[16:04:45] [Server thread/INFO]: Preparing start region for dimension minecraft:overworld
[16:04:45] [Worker-Main-15/INFO]: Preparing spawn area: 0%
[16:04:45] [Worker-Main-9/INFO]: Preparing spawn area: 0%
[16:04:46] [Worker-Main-15/INFO]: Preparing spawn area: 0%
[16:04:46] [Worker-Main-12/INFO]: Preparing spawn area: 0%
[16:04:47] [Worker-Main-10/INFO]: Preparing spawn area: 1%
[16:04:47] [Worker-Main-11/INFO]: Preparing spawn area: 2%
[16:04:48] [Worker-Main-15/INFO]: Preparing spawn area: 5%
[16:04:48] [Worker-Main-12/INFO]: Preparing spawn area: 6%
[16:04:49] [Worker-Main-8/INFO]: Preparing spawn area: 9%
[16:04:49] [Worker-Main-8/INFO]: Preparing spawn area: 9%
[16:04:50] [Worker-Main-10/INFO]: Preparing spawn area: 14%
[16:04:50] [Worker-Main-11/INFO]: Preparing spawn area: 15%
[16:04:51] [Worker-Main-13/INFO]: Preparing spawn area: 18%
[16:04:51] [Worker-Main-9/INFO]: Preparing spawn area: 18%
[16:04:52] [Worker-Main-12/INFO]: Preparing spawn area: 22%
[16:04:52] [Worker-Main-13/INFO]: Preparing spawn area: 22%
[16:04:53] [Worker-Main-9/INFO]: Preparing spawn area: 26%
[16:04:53] [Worker-Main-9/INFO]: Preparing spawn area: 26%
[16:04:54] [Worker-Main-9/INFO]: Preparing spawn area: 36%
[16:04:54] [Worker-Main-11/INFO]: Preparing spawn area: 42%
[16:04:55] [Worker-Main-10/INFO]: Preparing spawn area: 47%
[16:04:55] [Worker-Main-15/INFO]: Preparing spawn area: 53%
[16:04:56] [Worker-Main-10/INFO]: Preparing spawn area: 57%
[16:04:56] [Worker-Main-12/INFO]: Preparing spawn area: 59%
[16:04:57] [Worker-Main-9/INFO]: Preparing spawn area: 63%
[16:04:57] [Worker-Main-12/INFO]: Preparing spawn area: 72%
[16:04:58] [Worker-Main-9/INFO]: Preparing spawn area: 79%
[16:04:58] [Worker-Main-10/INFO]: Preparing spawn area: 84%
[16:04:59] [Worker-Main-10/INFO]: Preparing spawn area: 89%
[16:04:59] [Worker-Main-9/INFO]: Preparing spawn area: 97%
[16:04:59] [Server thread/INFO]: Time elapsed: 14702 ms
[16:04:59] [Server thread/INFO]: Done (21.428s)! For help, type "help"
[16:05:20] [Server thread/INFO]: aryan[/25.60.111.4:62032] logged in with entity id 341 at (-129.5, 72.0, -230.5)
[16:05:20] [Server thread/INFO]: aryan joined the game
[16:05:39] [Server thread/INFO]: aryan lost connection: Disconnected
[16:05:39] [Server thread/INFO]: aryan left the game
